2022-08-15 10:27:28,057 [Worker-6: Loading available Gradle versions] INFO  o.e.b.c.i.u.g.PublishedGradleVersions - Gradle version information cache is up-to-date. Trying to read.
2022-08-15 10:28:26,712 [Worker-22: Creating maven-archetype-webapp] INFO  o.e.m.c.i.p.ProjectConfigurationManager - Collecting project info '/pom.xml' C:\Users\Niko\OneDrive\Desktop\wallboard2\Digiwallboard\pom.xml
2022-08-15 10:28:28,090 [Worker-22: Creating maven-archetype-webapp] INFO  o.e.m.c.i.l.LifecycleMappingFactory - Using org.maven.ide.eclipse.wtp.WarLifecycleMapping lifecycle mapping for MavenProject: org.digiwallboard:Digiwallboard:0.0.1-SNAPSHOT @ C:\Users\Niko\OneDrive\Desktop\wallboard2\Digiwallboard\pom.xml.
2022-08-15 10:28:29,342 [Worker-22: Creating maven-archetype-webapp] INFO  o.e.m.j.i.AbstractJavaProjectConfigurator - Adding source folder /Digiwallboard/src/main/java
2022-08-15 10:28:29,343 [Worker-22: Creating maven-archetype-webapp] INFO  o.e.m.j.i.AbstractJavaProjectConfigurator - Adding source folder /Digiwallboard/src/test/java
2022-08-15 10:28:31,102 [Worker-22: Creating maven-archetype-webapp] INFO  o.e.m.c.i.p.ProjectConfigurationManager - Imported and configured 1 project(s) in 4 sec
2022-08-15 10:28:31,596 [Worker-14: Building] INFO  o.e.m.c.i.embedder.EclipseLogger - Using 'UTF-8' encoding to copy filtered resources.
2022-08-15 10:28:31,596 [Worker-14: Building] INFO  o.e.m.c.i.embedder.EclipseLogger - skip non existing resourceDirectory C:\Users\Niko\OneDrive\Desktop\wallboard2\Digiwallboard\src\main\resources
2022-08-15 10:28:31,598 [Worker-14: Building] INFO  o.e.m.c.i.embedder.EclipseLogger - Using 'UTF-8' encoding to copy filtered resources.
2022-08-15 10:28:31,598 [Worker-14: Building] INFO  o.e.m.c.i.embedder.EclipseLogger - skip non existing resourceDirectory C:\Users\Niko\OneDrive\Desktop\wallboard2\Digiwallboard\src\test\resources
2022-08-15 10:29:22,701 [Worker-25: Building] INFO  o.e.m.c.i.embedder.EclipseLogger - Using 'UTF-8' encoding to copy filtered resources.
2022-08-15 10:29:22,701 [Worker-25: Building] INFO  o.e.m.c.i.embedder.EclipseLogger - skip non existing resourceDirectory C:\Users\Niko\OneDrive\Desktop\wallboard2\Digiwallboard\src\main\resources
2022-08-15 10:29:22,702 [Worker-25: Building] INFO  o.e.m.c.i.embedder.EclipseLogger - Using 'UTF-8' encoding to copy filtered resources.
2022-08-15 10:29:22,702 [Worker-25: Building] INFO  o.e.m.c.i.embedder.EclipseLogger - skip non existing resourceDirectory C:\Users\Niko\OneDrive\Desktop\wallboard2\Digiwallboard\src\test\resources
2022-08-15 10:53:56,891 [Worker-28: Building] INFO  o.e.m.c.i.l.LifecycleMappingFactory - Using org.maven.ide.eclipse.wtp.WarLifecycleMapping lifecycle mapping for MavenProject: org.digiwallboard:Digiwallboard:0.0.1-SNAPSHOT @ C:\Users\Niko\OneDrive\Desktop\wallboard2\Digiwallboard\pom.xml.
2022-08-15 10:53:56,914 [Worker-28: Building] WARN  o.a.m.r.i.DefaultArtifactDescriptorReader - The artifact org.hibernate:hibernate-core:pom:6.1.1.Final has been relocated to org.hibernate.orm:hibernate-core:pom:6.1.1.Final
2022-08-15 10:53:56,956 [Worker-28: Building] WARN  o.a.m.r.i.DefaultArtifactDescriptorReader - The artifact org.hibernate:hibernate-core:pom:6.1.1.Final has been relocated to org.hibernate.orm:hibernate-core:pom:6.1.1.Final
2022-08-15 10:53:58,470 [Worker-28: Building] INFO  o.e.m.c.i.embedder.EclipseLogger - Using 'UTF-8' encoding to copy filtered resources.
2022-08-15 10:53:58,470 [Worker-28: Building] INFO  o.e.m.c.i.embedder.EclipseLogger - skip non existing resourceDirectory C:\Users\Niko\OneDrive\Desktop\wallboard2\Digiwallboard\src\main\resources
2022-08-15 10:53:58,472 [Worker-28: Building] INFO  o.e.m.c.i.embedder.EclipseLogger - Using 'UTF-8' encoding to copy filtered resources.
2022-08-15 10:53:58,472 [Worker-28: Building] INFO  o.e.m.c.i.embedder.EclipseLogger - skip non existing resourceDirectory C:\Users\Niko\OneDrive\Desktop\wallboard2\Digiwallboard\src\test\resources
2022-08-15 10:53:58,485 [Worker-28: Building] INFO  o.e.m.w.i.f.ResourceFilteringBuildParticipant - Changed resources require a complete clean of filtered resources of Digiwallboard
2022-08-15 10:53:58,507 [Worker-28: Building] INFO  o.e.m.w.i.f.ResourceFilteringBuildParticipant - Executing resource filtering for Digiwallboard
2022-08-15 10:53:58,510 [Worker-28: Building] INFO  o.e.m.c.i.embedder.EclipseLogger - Using 'UTF-8' encoding to copy filtered resources.
2022-08-15 10:55:28,191 [Worker-25: Building] WARN  o.a.m.r.i.DefaultArtifactDescriptorReader - The artifact org.hibernate:hibernate-core:pom:6.1.1.Final has been relocated to org.hibernate.orm:hibernate-core:pom:6.1.1.Final
2022-08-15 10:55:28,219 [Worker-25: Building] INFO  o.e.m.c.i.embedder.EclipseLogger - Using 'UTF-8' encoding to copy filtered resources.
2022-08-15 10:55:28,219 [Worker-25: Building] INFO  o.e.m.c.i.embedder.EclipseLogger - skip non existing resourceDirectory C:\Users\Niko\OneDrive\Desktop\wallboard2\Digiwallboard\src\main\resources
2022-08-15 10:55:28,220 [Worker-25: Building] INFO  o.e.m.c.i.embedder.EclipseLogger - Using 'UTF-8' encoding to copy filtered resources.
2022-08-15 10:55:28,220 [Worker-25: Building] INFO  o.e.m.c.i.embedder.EclipseLogger - skip non existing resourceDirectory C:\Users\Niko\OneDrive\Desktop\wallboard2\Digiwallboard\src\test\resources
2022-08-15 10:55:59,973 [Worker-31: Building] INFO  o.e.m.c.i.embedder.EclipseLogger - Using 'UTF-8' encoding to copy filtered resources.
2022-08-15 10:55:59,973 [Worker-31: Building] INFO  o.e.m.c.i.embedder.EclipseLogger - skip non existing resourceDirectory C:\Users\Niko\OneDrive\Desktop\wallboard2\Digiwallboard\src\main\resources
2022-08-15 10:55:59,974 [Worker-31: Building] INFO  o.e.m.c.i.embedder.EclipseLogger - Using 'UTF-8' encoding to copy filtered resources.
2022-08-15 10:55:59,974 [Worker-31: Building] INFO  o.e.m.c.i.embedder.EclipseLogger - skip non existing resourceDirectory C:\Users\Niko\OneDrive\Desktop\wallboard2\Digiwallboard\src\test\resources
2022-08-15 10:56:01,042 [Worker-21: Building] INFO  o.e.m.c.i.embedder.EclipseLogger - Using 'UTF-8' encoding to copy filtered resources.
2022-08-15 10:56:01,042 [Worker-21: Building] INFO  o.e.m.c.i.embedder.EclipseLogger - skip non existing resourceDirectory C:\Users\Niko\OneDrive\Desktop\wallboard2\Digiwallboard\src\main\resources
2022-08-15 10:56:01,043 [Worker-21: Building] INFO  o.e.m.c.i.embedder.EclipseLogger - Using 'UTF-8' encoding to copy filtered resources.
2022-08-15 10:56:01,043 [Worker-21: Building] INFO  o.e.m.c.i.embedder.EclipseLogger - skip non existing resourceDirectory C:\Users\Niko\OneDrive\Desktop\wallboard2\Digiwallboard\src\test\resources
2022-08-15 10:56:15,558 [Worker-31: Building] INFO  o.e.m.c.i.embedder.EclipseLogger - Using 'UTF-8' encoding to copy filtered resources.
2022-08-15 10:56:15,558 [Worker-31: Building] INFO  o.e.m.c.i.embedder.EclipseLogger - skip non existing resourceDirectory C:\Users\Niko\OneDrive\Desktop\wallboard2\Digiwallboard\src\main\resources
2022-08-15 10:56:15,559 [Worker-31: Building] INFO  o.e.m.c.i.embedder.EclipseLogger - Using 'UTF-8' encoding to copy filtered resources.
2022-08-15 10:56:15,559 [Worker-31: Building] INFO  o.e.m.c.i.embedder.EclipseLogger - skip non existing resourceDirectory C:\Users\Niko\OneDrive\Desktop\wallboard2\Digiwallboard\src\test\resources
2022-08-15 10:56:34,461 [Worker-29: Building] INFO  o.e.m.c.i.embedder.EclipseLogger - Using 'UTF-8' encoding to copy filtered resources.
2022-08-15 10:56:34,461 [Worker-29: Building] INFO  o.e.m.c.i.embedder.EclipseLogger - skip non existing resourceDirectory C:\Users\Niko\OneDrive\Desktop\wallboard2\Digiwallboard\src\main\resources
2022-08-15 10:56:34,462 [Worker-29: Building] INFO  o.e.m.c.i.embedder.EclipseLogger - Using 'UTF-8' encoding to copy filtered resources.
2022-08-15 10:56:34,462 [Worker-29: Building] INFO  o.e.m.c.i.embedder.EclipseLogger - skip non existing resourceDirectory C:\Users\Niko\OneDrive\Desktop\wallboard2\Digiwallboard\src\test\resources
2022-08-15 10:56:54,322 [Worker-31: Building] INFO  o.e.m.c.i.embedder.EclipseLogger - Using 'UTF-8' encoding to copy filtered resources.
2022-08-15 10:56:54,322 [Worker-31: Building] INFO  o.e.m.c.i.embedder.EclipseLogger - skip non existing resourceDirectory C:\Users\Niko\OneDrive\Desktop\wallboard2\Digiwallboard\src\main\resources
2022-08-15 10:56:54,323 [Worker-31: Building] INFO  o.e.m.c.i.embedder.EclipseLogger - Using 'UTF-8' encoding to copy filtered resources.
2022-08-15 10:56:54,323 [Worker-31: Building] INFO  o.e.m.c.i.embedder.EclipseLogger - skip non existing resourceDirectory C:\Users\Niko\OneDrive\Desktop\wallboard2\Digiwallboard\src\test\resources
2022-08-15 10:58:20,698 [Worker-30: Building] INFO  o.e.m.c.i.embedder.EclipseLogger - Using 'UTF-8' encoding to copy filtered resources.
2022-08-15 10:58:20,698 [Worker-30: Building] INFO  o.e.m.c.i.embedder.EclipseLogger - skip non existing resourceDirectory C:\Users\Niko\OneDrive\Desktop\wallboard2\Digiwallboard\src\main\resources
2022-08-15 10:58:20,699 [Worker-30: Building] INFO  o.e.m.c.i.embedder.EclipseLogger - Using 'UTF-8' encoding to copy filtered resources.
2022-08-15 10:58:20,699 [Worker-30: Building] INFO  o.e.m.c.i.embedder.EclipseLogger - skip non existing resourceDirectory C:\Users\Niko\OneDrive\Desktop\wallboard2\Digiwallboard\src\test\resources
2022-08-15 10:58:36,050 [Worker-25: Building] INFO  o.e.m.c.i.embedder.EclipseLogger - Using 'UTF-8' encoding to copy filtered resources.
2022-08-15 10:58:36,050 [Worker-25: Building] INFO  o.e.m.c.i.embedder.EclipseLogger - skip non existing resourceDirectory C:\Users\Niko\OneDrive\Desktop\wallboard2\Digiwallboard\src\main\resources
2022-08-15 10:58:36,051 [Worker-25: Building] INFO  o.e.m.c.i.embedder.EclipseLogger - Using 'UTF-8' encoding to copy filtered resources.
2022-08-15 10:58:36,051 [Worker-25: Building] INFO  o.e.m.c.i.embedder.EclipseLogger - skip non existing resourceDirectory C:\Users\Niko\OneDrive\Desktop\wallboard2\Digiwallboard\src\test\resources
2022-08-15 10:58:51,204 [Worker-29: Building] INFO  o.e.m.c.i.embedder.EclipseLogger - Using 'UTF-8' encoding to copy filtered resources.
2022-08-15 10:58:51,204 [Worker-29: Building] INFO  o.e.m.c.i.embedder.EclipseLogger - skip non existing resourceDirectory C:\Users\Niko\OneDrive\Desktop\wallboard2\Digiwallboard\src\main\resources
2022-08-15 10:58:51,205 [Worker-29: Building] INFO  o.e.m.c.i.embedder.EclipseLogger - Using 'UTF-8' encoding to copy filtered resources.
2022-08-15 10:58:51,205 [Worker-29: Building] INFO  o.e.m.c.i.embedder.EclipseLogger - skip non existing resourceDirectory C:\Users\Niko\OneDrive\Desktop\wallboard2\Digiwallboard\src\test\resources
2022-08-15 10:59:15,390 [Worker-33: Building] INFO  o.e.m.c.i.embedder.EclipseLogger - Using 'UTF-8' encoding to copy filtered resources.
2022-08-15 10:59:15,390 [Worker-33: Building] INFO  o.e.m.c.i.embedder.EclipseLogger - skip non existing resourceDirectory C:\Users\Niko\OneDrive\Desktop\wallboard2\Digiwallboard\src\main\resources
2022-08-15 10:59:15,390 [Worker-33: Building] INFO  o.e.m.c.i.embedder.EclipseLogger - Using 'UTF-8' encoding to copy filtered resources.
2022-08-15 10:59:15,390 [Worker-33: Building] INFO  o.e.m.c.i.embedder.EclipseLogger - skip non existing resourceDirectory C:\Users\Niko\OneDrive\Desktop\wallboard2\Digiwallboard\src\test\resources
2022-08-15 10:59:41,474 [Worker-29: Building] INFO  o.e.m.c.i.embedder.EclipseLogger - Using 'UTF-8' encoding to copy filtered resources.
2022-08-15 10:59:41,474 [Worker-29: Building] INFO  o.e.m.c.i.embedder.EclipseLogger - skip non existing resourceDirectory C:\Users\Niko\OneDrive\Desktop\wallboard2\Digiwallboard\src\main\resources
2022-08-15 10:59:41,474 [Worker-29: Building] INFO  o.e.m.c.i.embedder.EclipseLogger - Using 'UTF-8' encoding to copy filtered resources.
2022-08-15 10:59:41,474 [Worker-29: Building] INFO  o.e.m.c.i.embedder.EclipseLogger - skip non existing resourceDirectory C:\Users\Niko\OneDrive\Desktop\wallboard2\Digiwallboard\src\test\resources
2022-08-15 10:59:58,120 [Worker-30: Building] INFO  o.e.m.c.i.embedder.EclipseLogger - Using 'UTF-8' encoding to copy filtered resources.
2022-08-15 10:59:58,120 [Worker-30: Building] INFO  o.e.m.c.i.embedder.EclipseLogger - skip non existing resourceDirectory C:\Users\Niko\OneDrive\Desktop\wallboard2\Digiwallboard\src\main\resources
2022-08-15 10:59:58,121 [Worker-30: Building] INFO  o.e.m.c.i.embedder.EclipseLogger - Using 'UTF-8' encoding to copy filtered resources.
2022-08-15 10:59:58,121 [Worker-30: Building] INFO  o.e.m.c.i.embedder.EclipseLogger - skip non existing resourceDirectory C:\Users\Niko\OneDrive\Desktop\wallboard2\Digiwallboard\src\test\resources
2022-08-15 11:00:35,649 [Worker-30: Building] INFO  o.e.m.c.i.embedder.EclipseLogger - Using 'UTF-8' encoding to copy filtered resources.
2022-08-15 11:00:35,649 [Worker-30: Building] INFO  o.e.m.c.i.embedder.EclipseLogger - skip non existing resourceDirectory C:\Users\Niko\OneDrive\Desktop\wallboard2\Digiwallboard\src\main\resources
2022-08-15 11:00:35,650 [Worker-30: Building] INFO  o.e.m.c.i.embedder.EclipseLogger - Using 'UTF-8' encoding to copy filtered resources.
2022-08-15 11:00:35,650 [Worker-30: Building] INFO  o.e.m.c.i.embedder.EclipseLogger - skip non existing resourceDirectory C:\Users\Niko\OneDrive\Desktop\wallboard2\Digiwallboard\src\test\resources
2022-08-15 11:00:45,424 [Worker-30: Building] INFO  o.e.m.c.i.embedder.EclipseLogger - Using 'UTF-8' encoding to copy filtered resources.
2022-08-15 11:00:45,424 [Worker-30: Building] INFO  o.e.m.c.i.embedder.EclipseLogger - skip non existing resourceDirectory C:\Users\Niko\OneDrive\Desktop\wallboard2\Digiwallboard\src\main\resources
2022-08-15 11:00:45,424 [Worker-30: Building] INFO  o.e.m.c.i.embedder.EclipseLogger - Using 'UTF-8' encoding to copy filtered resources.
2022-08-15 11:00:45,425 [Worker-30: Building] INFO  o.e.m.c.i.embedder.EclipseLogger - skip non existing resourceDirectory C:\Users\Niko\OneDrive\Desktop\wallboard2\Digiwallboard\src\test\resources
2022-08-15 11:00:54,916 [Worker-25: Building] INFO  o.e.m.c.i.embedder.EclipseLogger - Using 'UTF-8' encoding to copy filtered resources.
2022-08-15 11:00:54,916 [Worker-25: Building] INFO  o.e.m.c.i.embedder.EclipseLogger - skip non existing resourceDirectory C:\Users\Niko\OneDrive\Desktop\wallboard2\Digiwallboard\src\main\resources
2022-08-15 11:00:54,917 [Worker-25: Building] INFO  o.e.m.c.i.embedder.EclipseLogger - Using 'UTF-8' encoding to copy filtered resources.
2022-08-15 11:00:54,917 [Worker-25: Building] INFO  o.e.m.c.i.embedder.EclipseLogger - skip non existing resourceDirectory C:\Users\Niko\OneDrive\Desktop\wallboard2\Digiwallboard\src\test\resources
2022-08-15 11:00:56,990 [Worker-29: Building] INFO  o.e.m.c.i.embedder.EclipseLogger - Using 'UTF-8' encoding to copy filtered resources.
2022-08-15 11:00:56,990 [Worker-29: Building] INFO  o.e.m.c.i.embedder.EclipseLogger - skip non existing resourceDirectory C:\Users\Niko\OneDrive\Desktop\wallboard2\Digiwallboard\src\main\resources
2022-08-15 11:00:56,991 [Worker-29: Building] INFO  o.e.m.c.i.embedder.EclipseLogger - Using 'UTF-8' encoding to copy filtered resources.
2022-08-15 11:00:56,991 [Worker-29: Building] INFO  o.e.m.c.i.embedder.EclipseLogger - skip non existing resourceDirectory C:\Users\Niko\OneDrive\Desktop\wallboard2\Digiwallboard\src\test\resources
2022-08-15 11:01:26,509 [Worker-32: Building] INFO  o.e.m.c.i.embedder.EclipseLogger - Using 'UTF-8' encoding to copy filtered resources.
2022-08-15 11:01:26,509 [Worker-32: Building] INFO  o.e.m.c.i.embedder.EclipseLogger - skip non existing resourceDirectory C:\Users\Niko\OneDrive\Desktop\wallboard2\Digiwallboard\src\main\resources
2022-08-15 11:01:26,509 [Worker-32: Building] INFO  o.e.m.c.i.embedder.EclipseLogger - Using 'UTF-8' encoding to copy filtered resources.
2022-08-15 11:01:26,509 [Worker-32: Building] INFO  o.e.m.c.i.embedder.EclipseLogger - skip non existing resourceDirectory C:\Users\Niko\OneDrive\Desktop\wallboard2\Digiwallboard\src\test\resources
2022-08-15 11:01:56,337 [Worker-30: Building] INFO  o.e.m.c.i.embedder.EclipseLogger - Using 'UTF-8' encoding to copy filtered resources.
2022-08-15 11:01:56,337 [Worker-30: Building] INFO  o.e.m.c.i.embedder.EclipseLogger - skip non existing resourceDirectory C:\Users\Niko\OneDrive\Desktop\wallboard2\Digiwallboard\src\main\resources
2022-08-15 11:01:56,337 [Worker-30: Building] INFO  o.e.m.c.i.embedder.EclipseLogger - Using 'UTF-8' encoding to copy filtered resources.
2022-08-15 11:01:56,338 [Worker-30: Building] INFO  o.e.m.c.i.embedder.EclipseLogger - skip non existing resourceDirectory C:\Users\Niko\OneDrive\Desktop\wallboard2\Digiwallboard\src\test\resources
2022-08-15 11:02:06,312 [Worker-30: Building] INFO  o.e.m.c.i.embedder.EclipseLogger - Using 'UTF-8' encoding to copy filtered resources.
2022-08-15 11:02:06,312 [Worker-30: Building] INFO  o.e.m.c.i.embedder.EclipseLogger - skip non existing resourceDirectory C:\Users\Niko\OneDrive\Desktop\wallboard2\Digiwallboard\src\main\resources
2022-08-15 11:02:06,313 [Worker-30: Building] INFO  o.e.m.c.i.embedder.EclipseLogger - Using 'UTF-8' encoding to copy filtered resources.
2022-08-15 11:02:06,313 [Worker-30: Building] INFO  o.e.m.c.i.embedder.EclipseLogger - skip non existing resourceDirectory C:\Users\Niko\OneDrive\Desktop\wallboard2\Digiwallboard\src\test\resources
2022-08-15 11:02:36,440 [Worker-35: Building] INFO  o.e.m.c.i.embedder.EclipseLogger - Using 'UTF-8' encoding to copy filtered resources.
2022-08-15 11:02:36,440 [Worker-35: Building] INFO  o.e.m.c.i.embedder.EclipseLogger - skip non existing resourceDirectory C:\Users\Niko\OneDrive\Desktop\wallboard2\Digiwallboard\src\main\resources
2022-08-15 11:02:36,440 [Worker-35: Building] INFO  o.e.m.c.i.embedder.EclipseLogger - Using 'UTF-8' encoding to copy filtered resources.
2022-08-15 11:02:36,440 [Worker-35: Building] INFO  o.e.m.c.i.embedder.EclipseLogger - skip non existing resourceDirectory C:\Users\Niko\OneDrive\Desktop\wallboard2\Digiwallboard\src\test\resources
2022-08-15 11:02:55,199 [Worker-25: Building] INFO  o.e.m.c.i.embedder.EclipseLogger - Using 'UTF-8' encoding to copy filtered resources.
2022-08-15 11:02:55,199 [Worker-25: Building] INFO  o.e.m.c.i.embedder.EclipseLogger - skip non existing resourceDirectory C:\Users\Niko\OneDrive\Desktop\wallboard2\Digiwallboard\src\main\resources
2022-08-15 11:02:55,199 [Worker-25: Building] INFO  o.e.m.c.i.embedder.EclipseLogger - Using 'UTF-8' encoding to copy filtered resources.
2022-08-15 11:02:55,199 [Worker-25: Building] INFO  o.e.m.c.i.embedder.EclipseLogger - skip non existing resourceDirectory C:\Users\Niko\OneDrive\Desktop\wallboard2\Digiwallboard\src\test\resources
2022-08-15 11:04:00,455 [Worker-25: Building] INFO  o.e.m.c.i.embedder.EclipseLogger - Using 'UTF-8' encoding to copy filtered resources.
2022-08-15 11:04:00,455 [Worker-25: Building] INFO  o.e.m.c.i.embedder.EclipseLogger - skip non existing resourceDirectory C:\Users\Niko\OneDrive\Desktop\wallboard2\Digiwallboard\src\main\resources
2022-08-15 11:04:00,455 [Worker-25: Building] INFO  o.e.m.c.i.embedder.EclipseLogger - Using 'UTF-8' encoding to copy filtered resources.
2022-08-15 11:04:00,455 [Worker-25: Building] INFO  o.e.m.c.i.embedder.EclipseLogger - skip non existing resourceDirectory C:\Users\Niko\OneDrive\Desktop\wallboard2\Digiwallboard\src\test\resources
2022-08-15 11:04:21,430 [Worker-25: Building] INFO  o.e.m.c.i.embedder.EclipseLogger - Using 'UTF-8' encoding to copy filtered resources.
2022-08-15 11:04:21,430 [Worker-25: Building] INFO  o.e.m.c.i.embedder.EclipseLogger - skip non existing resourceDirectory C:\Users\Niko\OneDrive\Desktop\wallboard2\Digiwallboard\src\main\resources
2022-08-15 11:04:21,431 [Worker-25: Building] INFO  o.e.m.c.i.embedder.EclipseLogger - Using 'UTF-8' encoding to copy filtered resources.
2022-08-15 11:04:21,431 [Worker-25: Building] INFO  o.e.m.c.i.embedder.EclipseLogger - skip non existing resourceDirectory C:\Users\Niko\OneDrive\Desktop\wallboard2\Digiwallboard\src\test\resources
2022-08-15 11:04:27,559 [Worker-34: Building] INFO  o.e.m.c.i.embedder.EclipseLogger - Using 'UTF-8' encoding to copy filtered resources.
2022-08-15 11:04:27,559 [Worker-34: Building] INFO  o.e.m.c.i.embedder.EclipseLogger - skip non existing resourceDirectory C:\Users\Niko\OneDrive\Desktop\wallboard2\Digiwallboard\src\main\resources
2022-08-15 11:04:27,560 [Worker-34: Building] INFO  o.e.m.c.i.embedder.EclipseLogger - Using 'UTF-8' encoding to copy filtered resources.
2022-08-15 11:04:27,560 [Worker-34: Building] INFO  o.e.m.c.i.embedder.EclipseLogger - skip non existing resourceDirectory C:\Users\Niko\OneDrive\Desktop\wallboard2\Digiwallboard\src\test\resources
2022-08-15 11:04:34,080 [Worker-25: Building] INFO  o.e.m.c.i.embedder.EclipseLogger - Using 'UTF-8' encoding to copy filtered resources.
2022-08-15 11:04:34,080 [Worker-25: Building] INFO  o.e.m.c.i.embedder.EclipseLogger - skip non existing resourceDirectory C:\Users\Niko\OneDrive\Desktop\wallboard2\Digiwallboard\src\main\resources
2022-08-15 11:04:34,080 [Worker-25: Building] INFO  o.e.m.c.i.embedder.EclipseLogger - Using 'UTF-8' encoding to copy filtered resources.
2022-08-15 11:04:34,080 [Worker-25: Building] INFO  o.e.m.c.i.embedder.EclipseLogger - skip non existing resourceDirectory C:\Users\Niko\OneDrive\Desktop\wallboard2\Digiwallboard\src\test\resources
2022-08-15 11:04:39,761 [Worker-35: Building] INFO  o.e.m.c.i.embedder.EclipseLogger - Using 'UTF-8' encoding to copy filtered resources.
2022-08-15 11:04:39,761 [Worker-35: Building] INFO  o.e.m.c.i.embedder.EclipseLogger - skip non existing resourceDirectory C:\Users\Niko\OneDrive\Desktop\wallboard2\Digiwallboard\src\main\resources
2022-08-15 11:04:39,761 [Worker-35: Building] INFO  o.e.m.c.i.embedder.EclipseLogger - Using 'UTF-8' encoding to copy filtered resources.
2022-08-15 11:04:39,761 [Worker-35: Building] INFO  o.e.m.c.i.embedder.EclipseLogger - skip non existing resourceDirectory C:\Users\Niko\OneDrive\Desktop\wallboard2\Digiwallboard\src\test\resources
2022-08-15 11:04:52,834 [Worker-29: Building] INFO  o.e.m.c.i.embedder.EclipseLogger - Using 'UTF-8' encoding to copy filtered resources.
2022-08-15 11:04:52,834 [Worker-29: Building] INFO  o.e.m.c.i.embedder.EclipseLogger - skip non existing resourceDirectory C:\Users\Niko\OneDrive\Desktop\wallboard2\Digiwallboard\src\main\resources
2022-08-15 11:04:52,835 [Worker-29: Building] INFO  o.e.m.c.i.embedder.EclipseLogger - Using 'UTF-8' encoding to copy filtered resources.
2022-08-15 11:04:52,835 [Worker-29: Building] INFO  o.e.m.c.i.embedder.EclipseLogger - skip non existing resourceDirectory C:\Users\Niko\OneDrive\Desktop\wallboard2\Digiwallboard\src\test\resources
2022-08-15 11:05:23,072 [Worker-35: Building] INFO  o.e.m.c.i.embedder.EclipseLogger - Using 'UTF-8' encoding to copy filtered resources.
2022-08-15 11:05:23,072 [Worker-35: Building] INFO  o.e.m.c.i.embedder.EclipseLogger - skip non existing resourceDirectory C:\Users\Niko\OneDrive\Desktop\wallboard2\Digiwallboard\src\main\resources
2022-08-15 11:05:23,073 [Worker-35: Building] INFO  o.e.m.c.i.embedder.EclipseLogger - Using 'UTF-8' encoding to copy filtered resources.
2022-08-15 11:05:23,073 [Worker-35: Building] INFO  o.e.m.c.i.embedder.EclipseLogger - skip non existing resourceDirectory C:\Users\Niko\OneDrive\Desktop\wallboard2\Digiwallboard\src\test\resources
2022-08-15 11:05:36,498 [Worker-34: Building] INFO  o.e.m.c.i.embedder.EclipseLogger - Using 'UTF-8' encoding to copy filtered resources.
2022-08-15 11:05:36,498 [Worker-34: Building] INFO  o.e.m.c.i.embedder.EclipseLogger - skip non existing resourceDirectory C:\Users\Niko\OneDrive\Desktop\wallboard2\Digiwallboard\src\main\resources
2022-08-15 11:05:36,499 [Worker-34: Building] INFO  o.e.m.c.i.embedder.EclipseLogger - Using 'UTF-8' encoding to copy filtered resources.
2022-08-15 11:05:36,499 [Worker-34: Building] INFO  o.e.m.c.i.embedder.EclipseLogger - skip non existing resourceDirectory C:\Users\Niko\OneDrive\Desktop\wallboard2\Digiwallboard\src\test\resources
2022-08-15 11:05:56,963 [Worker-35: Building] INFO  o.e.m.c.i.embedder.EclipseLogger - Using 'UTF-8' encoding to copy filtered resources.
2022-08-15 11:05:56,964 [Worker-35: Building] INFO  o.e.m.c.i.embedder.EclipseLogger - skip non existing resourceDirectory C:\Users\Niko\OneDrive\Desktop\wallboard2\Digiwallboard\src\main\resources
2022-08-15 11:05:56,964 [Worker-35: Building] INFO  o.e.m.c.i.embedder.EclipseLogger - Using 'UTF-8' encoding to copy filtered resources.
2022-08-15 11:05:56,964 [Worker-35: Building] INFO  o.e.m.c.i.embedder.EclipseLogger - skip non existing resourceDirectory C:\Users\Niko\OneDrive\Desktop\wallboard2\Digiwallboard\src\test\resources
2022-08-15 11:15:26,243 [Worker-1: Loading available Gradle versions] INFO  o.e.b.c.i.u.g.PublishedGradleVersions - Gradle version information cache is up-to-date. Trying to read.
2022-08-15 11:15:26,959 [Worker-4: reload maven project] WARN  o.a.m.r.i.DefaultArtifactDescriptorReader - The artifact org.hibernate:hibernate-core:pom:6.1.1.Final has been relocated to org.hibernate.orm:hibernate-core:pom:6.1.1.Final
2022-08-15 11:16:42,793 [main] INFO  org.hibernate.cfg.Environment - Hibernate 3.5.6-Final
2022-08-15 11:16:42,811 [main] INFO  org.hibernate.cfg.Environment - hibernate.properties not found
2022-08-15 11:16:42,813 [main] INFO  org.hibernate.cfg.Environment - Bytecode provider name : javassist
2022-08-15 11:16:42,817 [main] INFO  org.hibernate.cfg.Environment - using JDK 1.4 java.sql.Timestamp handling
2022-08-15 11:19:40,587 [Worker-14: Launching Main] INFO  o.e.m.c.i.embedder.EclipseLogger - Using 'UTF-8' encoding to copy filtered resources.
2022-08-15 11:19:40,587 [Worker-14: Launching Main] INFO  o.e.m.c.i.embedder.EclipseLogger - skip non existing resourceDirectory C:\Users\Niko\OneDrive\Desktop\wallboard2\Digiwallboard\src\main\resources
2022-08-15 11:19:40,589 [Worker-14: Launching Main] INFO  o.e.m.c.i.embedder.EclipseLogger - Using 'UTF-8' encoding to copy filtered resources.
2022-08-15 11:19:40,589 [Worker-14: Launching Main] INFO  o.e.m.c.i.embedder.EclipseLogger - skip non existing resourceDirectory C:\Users\Niko\OneDrive\Desktop\wallboard2\Digiwallboard\src\test\resources
2022-08-15 11:21:52,393 [Worker-32: Launching Main] INFO  o.e.m.c.i.embedder.EclipseLogger - Using 'UTF-8' encoding to copy filtered resources.
2022-08-15 11:21:52,393 [Worker-32: Launching Main] INFO  o.e.m.c.i.embedder.EclipseLogger - skip non existing resourceDirectory C:\Users\Niko\OneDrive\Desktop\wallboard2\Digiwallboard\src\main\resources
2022-08-15 11:21:52,394 [Worker-32: Launching Main] INFO  o.e.m.c.i.embedder.EclipseLogger - Using 'UTF-8' encoding to copy filtered resources.
2022-08-15 11:21:52,395 [Worker-32: Launching Main] INFO  o.e.m.c.i.embedder.EclipseLogger - skip non existing resourceDirectory C:\Users\Niko\OneDrive\Desktop\wallboard2\Digiwallboard\src\test\resources
2022-08-15 11:23:08,219 [Worker-27: Launching Main] INFO  o.e.m.c.i.embedder.EclipseLogger - Using 'UTF-8' encoding to copy filtered resources.
2022-08-15 11:23:08,220 [Worker-27: Launching Main] INFO  o.e.m.c.i.embedder.EclipseLogger - skip non existing resourceDirectory C:\Users\Niko\OneDrive\Desktop\wallboard2\Digiwallboard\src\main\resources
2022-08-15 11:23:08,221 [Worker-27: Launching Main] INFO  o.e.m.c.i.embedder.EclipseLogger - Using 'UTF-8' encoding to copy filtered resources.
2022-08-15 11:23:08,221 [Worker-27: Launching Main] INFO  o.e.m.c.i.embedder.EclipseLogger - skip non existing resourceDirectory C:\Users\Niko\OneDrive\Desktop\wallboard2\Digiwallboard\src\test\resources
2022-08-15 11:25:23,783 [Worker-18: Launching Main] INFO  o.e.m.c.i.embedder.EclipseLogger - Using 'UTF-8' encoding to copy filtered resources.
2022-08-15 11:25:23,783 [Worker-18: Launching Main] INFO  o.e.m.c.i.embedder.EclipseLogger - skip non existing resourceDirectory C:\Users\Niko\OneDrive\Desktop\wallboard2\Digiwallboard\src\main\resources
2022-08-15 11:25:23,784 [Worker-18: Launching Main] INFO  o.e.m.c.i.embedder.EclipseLogger - Using 'UTF-8' encoding to copy filtered resources.
2022-08-15 11:25:23,784 [Worker-18: Launching Main] INFO  o.e.m.c.i.embedder.EclipseLogger - skip non existing resourceDirectory C:\Users\Niko\OneDrive\Desktop\wallboard2\Digiwallboard\src\test\resources
2022-08-15 11:26:06,035 [Worker-38: Launching Main] INFO  o.e.m.c.i.embedder.EclipseLogger - Using 'UTF-8' encoding to copy filtered resources.
2022-08-15 11:26:06,035 [Worker-38: Launching Main] INFO  o.e.m.c.i.embedder.EclipseLogger - skip non existing resourceDirectory C:\Users\Niko\OneDrive\Desktop\wallboard2\Digiwallboard\src\main\resources
2022-08-15 11:26:06,036 [Worker-38: Launching Main] INFO  o.e.m.c.i.embedder.EclipseLogger - Using 'UTF-8' encoding to copy filtered resources.
2022-08-15 11:26:06,036 [Worker-38: Launching Main] INFO  o.e.m.c.i.embedder.EclipseLogger - skip non existing resourceDirectory C:\Users\Niko\OneDrive\Desktop\wallboard2\Digiwallboard\src\test\resources
2022-08-15 11:26:39,303 [Worker-38: Launching Main] INFO  o.e.m.c.i.embedder.EclipseLogger - Using 'UTF-8' encoding to copy filtered resources.
2022-08-15 11:26:39,303 [Worker-38: Launching Main] INFO  o.e.m.c.i.embedder.EclipseLogger - skip non existing resourceDirectory C:\Users\Niko\OneDrive\Desktop\wallboard2\Digiwallboard\src\main\resources
2022-08-15 11:26:39,303 [Worker-38: Launching Main] INFO  o.e.m.c.i.embedder.EclipseLogger - Using 'UTF-8' encoding to copy filtered resources.
2022-08-15 11:26:39,303 [Worker-38: Launching Main] INFO  o.e.m.c.i.embedder.EclipseLogger - skip non existing resourceDirectory C:\Users\Niko\OneDrive\Desktop\wallboard2\Digiwallboard\src\test\resources
2022-08-15 11:27:47,316 [Worker-18: Launching Main] INFO  o.e.m.c.i.embedder.EclipseLogger - Using 'UTF-8' encoding to copy filtered resources.
2022-08-15 11:27:47,316 [Worker-18: Launching Main] INFO  o.e.m.c.i.embedder.EclipseLogger - skip non existing resourceDirectory C:\Users\Niko\OneDrive\Desktop\wallboard2\Digiwallboard\src\main\resources
2022-08-15 11:27:47,317 [Worker-18: Launching Main] INFO  o.e.m.c.i.embedder.EclipseLogger - Using 'UTF-8' encoding to copy filtered resources.
2022-08-15 11:27:47,317 [Worker-18: Launching Main] INFO  o.e.m.c.i.embedder.EclipseLogger - skip non existing resourceDirectory C:\Users\Niko\OneDrive\Desktop\wallboard2\Digiwallboard\src\test\resources
2022-08-15 11:28:02,091 [Worker-37: Launching Main] INFO  o.e.m.c.i.embedder.EclipseLogger - Using 'UTF-8' encoding to copy filtered resources.
2022-08-15 11:28:02,091 [Worker-37: Launching Main] INFO  o.e.m.c.i.embedder.EclipseLogger - skip non existing resourceDirectory C:\Users\Niko\OneDrive\Desktop\wallboard2\Digiwallboard\src\main\resources
2022-08-15 11:28:02,093 [Worker-37: Launching Main] INFO  o.e.m.c.i.embedder.EclipseLogger - Using 'UTF-8' encoding to copy filtered resources.
2022-08-15 11:28:02,093 [Worker-37: Launching Main] INFO  o.e.m.c.i.embedder.EclipseLogger - skip non existing resourceDirectory C:\Users\Niko\OneDrive\Desktop\wallboard2\Digiwallboard\src\test\resources
2022-08-15 11:31:58,323 [Worker-38: Launching Main] INFO  o.e.m.c.i.embedder.EclipseLogger - Using 'UTF-8' encoding to copy filtered resources.
2022-08-15 11:31:58,323 [Worker-38: Launching Main] INFO  o.e.m.c.i.embedder.EclipseLogger - skip non existing resourceDirectory C:\Users\Niko\OneDrive\Desktop\wallboard2\Digiwallboard\src\main\resources
2022-08-15 11:31:58,324 [Worker-38: Launching Main] INFO  o.e.m.c.i.embedder.EclipseLogger - Using 'UTF-8' encoding to copy filtered resources.
2022-08-15 11:31:58,324 [Worker-38: Launching Main] INFO  o.e.m.c.i.embedder.EclipseLogger - skip non existing resourceDirectory C:\Users\Niko\OneDrive\Desktop\wallboard2\Digiwallboard\src\test\resources
2022-08-15 11:33:21,302 [Worker-38: Launching Main] INFO  o.e.m.c.i.embedder.EclipseLogger - Using 'UTF-8' encoding to copy filtered resources.
2022-08-15 11:33:21,302 [Worker-38: Launching Main] INFO  o.e.m.c.i.embedder.EclipseLogger - skip non existing resourceDirectory C:\Users\Niko\OneDrive\Desktop\wallboard2\Digiwallboard\src\main\resources
2022-08-15 11:33:21,303 [Worker-38: Launching Main] INFO  o.e.m.c.i.embedder.EclipseLogger - Using 'UTF-8' encoding to copy filtered resources.
2022-08-15 11:33:21,303 [Worker-38: Launching Main] INFO  o.e.m.c.i.embedder.EclipseLogger - skip non existing resourceDirectory C:\Users\Niko\OneDrive\Desktop\wallboard2\Digiwallboard\src\test\resources
2022-08-15 11:35:45,019 [Worker-40: Launching Main] INFO  o.e.m.c.i.embedder.EclipseLogger - Using 'UTF-8' encoding to copy filtered resources.
2022-08-15 11:35:45,020 [Worker-40: Launching Main] INFO  o.e.m.c.i.embedder.EclipseLogger - skip non existing resourceDirectory C:\Users\Niko\OneDrive\Desktop\wallboard2\Digiwallboard\src\main\resources
2022-08-15 11:35:45,020 [Worker-40: Launching Main] INFO  o.e.m.c.i.embedder.EclipseLogger - Using 'UTF-8' encoding to copy filtered resources.
2022-08-15 11:35:45,020 [Worker-40: Launching Main] INFO  o.e.m.c.i.embedder.EclipseLogger - skip non existing resourceDirectory C:\Users\Niko\OneDrive\Desktop\wallboard2\Digiwallboard\src\test\resources
2022-08-15 11:38:36,552 [Worker-30: Launching Main] INFO  o.e.m.c.i.embedder.EclipseLogger - Using 'UTF-8' encoding to copy filtered resources.
2022-08-15 11:38:36,552 [Worker-30: Launching Main] INFO  o.e.m.c.i.embedder.EclipseLogger - skip non existing resourceDirectory C:\Users\Niko\OneDrive\Desktop\wallboard2\Digiwallboard\src\main\resources
2022-08-15 11:38:36,553 [Worker-30: Launching Main] INFO  o.e.m.c.i.embedder.EclipseLogger - Using 'UTF-8' encoding to copy filtered resources.
2022-08-15 11:38:36,553 [Worker-30: Launching Main] INFO  o.e.m.c.i.embedder.EclipseLogger - skip non existing resourceDirectory C:\Users\Niko\OneDrive\Desktop\wallboard2\Digiwallboard\src\test\resources
2022-08-15 11:38:55,120 [Worker-40: Launching Main] INFO  o.e.m.c.i.embedder.EclipseLogger - Using 'UTF-8' encoding to copy filtered resources.
2022-08-15 11:38:55,120 [Worker-40: Launching Main] INFO  o.e.m.c.i.embedder.EclipseLogger - skip non existing resourceDirectory C:\Users\Niko\OneDrive\Desktop\wallboard2\Digiwallboard\src\main\resources
2022-08-15 11:38:55,120 [Worker-40: Launching Main] INFO  o.e.m.c.i.embedder.EclipseLogger - Using 'UTF-8' encoding to copy filtered resources.
2022-08-15 11:38:55,120 [Worker-40: Launching Main] INFO  o.e.m.c.i.embedder.EclipseLogger - skip non existing resourceDirectory C:\Users\Niko\OneDrive\Desktop\wallboard2\Digiwallboard\src\test\resources
2022-08-15 11:47:54,231 [Worker-18: Launching Main] INFO  o.e.m.c.i.embedder.EclipseLogger - Using 'UTF-8' encoding to copy filtered resources.
2022-08-15 11:47:54,231 [Worker-18: Launching Main] INFO  o.e.m.c.i.embedder.EclipseLogger - skip non existing resourceDirectory C:\Users\Niko\OneDrive\Desktop\wallboard2\Digiwallboard\src\main\resources
2022-08-15 11:47:54,232 [Worker-18: Launching Main] INFO  o.e.m.c.i.embedder.EclipseLogger - Using 'UTF-8' encoding to copy filtered resources.
2022-08-15 11:47:54,232 [Worker-18: Launching Main] INFO  o.e.m.c.i.embedder.EclipseLogger - skip non existing resourceDirectory C:\Users\Niko\OneDrive\Desktop\wallboard2\Digiwallboard\src\test\resources
2022-08-15 11:50:02,232 [Worker-46: Launching Main] INFO  o.e.m.c.i.embedder.EclipseLogger - Using 'UTF-8' encoding to copy filtered resources.
2022-08-15 11:50:02,233 [Worker-46: Launching Main] INFO  o.e.m.c.i.embedder.EclipseLogger - skip non existing resourceDirectory C:\Users\Niko\OneDrive\Desktop\wallboard2\Digiwallboard\src\main\resources
2022-08-15 11:50:02,234 [Worker-46: Launching Main] INFO  o.e.m.c.i.embedder.EclipseLogger - Using 'UTF-8' encoding to copy filtered resources.
2022-08-15 11:50:02,234 [Worker-46: Launching Main] INFO  o.e.m.c.i.embedder.EclipseLogger - skip non existing resourceDirectory C:\Users\Niko\OneDrive\Desktop\wallboard2\Digiwallboard\src\test\resources
2022-08-15 11:50:17,053 [Worker-43: Launching Main] INFO  o.e.m.c.i.embedder.EclipseLogger - Using 'UTF-8' encoding to copy filtered resources.
2022-08-15 11:50:17,053 [Worker-43: Launching Main] INFO  o.e.m.c.i.embedder.EclipseLogger - skip non existing resourceDirectory C:\Users\Niko\OneDrive\Desktop\wallboard2\Digiwallboard\src\main\resources
2022-08-15 11:50:17,054 [Worker-43: Launching Main] INFO  o.e.m.c.i.embedder.EclipseLogger - Using 'UTF-8' encoding to copy filtered resources.
2022-08-15 11:50:17,054 [Worker-43: Launching Main] INFO  o.e.m.c.i.embedder.EclipseLogger - skip non existing resourceDirectory C:\Users\Niko\OneDrive\Desktop\wallboard2\Digiwallboard\src\test\resources
2022-08-15 11:52:58,924 [Worker-45: Launching Main] INFO  o.e.m.c.i.embedder.EclipseLogger - Using 'UTF-8' encoding to copy filtered resources.
2022-08-15 11:52:58,924 [Worker-45: Launching Main] INFO  o.e.m.c.i.embedder.EclipseLogger - skip non existing resourceDirectory C:\Users\Niko\OneDrive\Desktop\wallboard2\Digiwallboard\src\main\resources
2022-08-15 11:52:58,925 [Worker-45: Launching Main] INFO  o.e.m.c.i.embedder.EclipseLogger - Using 'UTF-8' encoding to copy filtered resources.
2022-08-15 11:52:58,925 [Worker-45: Launching Main] INFO  o.e.m.c.i.embedder.EclipseLogger - skip non existing resourceDirectory C:\Users\Niko\OneDrive\Desktop\wallboard2\Digiwallboard\src\test\resources
2022-08-15 11:54:33,905 [main] INFO  org.hibernate.cfg.Configuration - configuring from XML document
2022-08-15 11:54:33,906 [main] INFO  org.hibernate.cfg.Configuration - Configured SessionFactory: null
2022-08-15 12:01:27,012 [Worker-49: Launching Main (1)] INFO  o.e.m.c.i.embedder.EclipseLogger - Using 'UTF-8' encoding to copy filtered resources.
2022-08-15 12:01:27,012 [Worker-49: Launching Main (1)] INFO  o.e.m.c.i.embedder.EclipseLogger - skip non existing resourceDirectory C:\Users\Niko\OneDrive\Desktop\wallboard2\Digiwallboard\src\main\resources
2022-08-15 12:01:27,013 [Worker-49: Launching Main (1)] INFO  o.e.m.c.i.embedder.EclipseLogger - Using 'UTF-8' encoding to copy filtered resources.
2022-08-15 12:01:27,013 [Worker-49: Launching Main (1)] INFO  o.e.m.c.i.embedder.EclipseLogger - skip non existing resourceDirectory C:\Users\Niko\OneDrive\Desktop\wallboard2\Digiwallboard\src\test\resources
2022-08-15 12:01:46,342 [Worker-51: Launching Main (1)] INFO  o.e.m.c.i.embedder.EclipseLogger - Using 'UTF-8' encoding to copy filtered resources.
2022-08-15 12:01:46,343 [Worker-51: Launching Main (1)] INFO  o.e.m.c.i.embedder.EclipseLogger - skip non existing resourceDirectory C:\Users\Niko\OneDrive\Desktop\wallboard2\Digiwallboard\src\main\resources
2022-08-15 12:01:46,343 [Worker-51: Launching Main (1)] INFO  o.e.m.c.i.embedder.EclipseLogger - Using 'UTF-8' encoding to copy filtered resources.
2022-08-15 12:01:46,343 [Worker-51: Launching Main (1)] INFO  o.e.m.c.i.embedder.EclipseLogger - skip non existing resourceDirectory C:\Users\Niko\OneDrive\Desktop\wallboard2\Digiwallboard\src\test\resources
2022-08-15 12:05:13,193 [Worker-53: Launching Main (1)] INFO  o.e.m.c.i.embedder.EclipseLogger - Using 'UTF-8' encoding to copy filtered resources.
2022-08-15 12:05:13,193 [Worker-53: Launching Main (1)] INFO  o.e.m.c.i.embedder.EclipseLogger - skip non existing resourceDirectory C:\Users\Niko\OneDrive\Desktop\wallboard2\Digiwallboard\src\main\resources
2022-08-15 12:05:13,194 [Worker-53: Launching Main (1)] INFO  o.e.m.c.i.embedder.EclipseLogger - Using 'UTF-8' encoding to copy filtered resources.
2022-08-15 12:05:13,194 [Worker-53: Launching Main (1)] INFO  o.e.m.c.i.embedder.EclipseLogger - skip non existing resourceDirectory C:\Users\Niko\OneDrive\Desktop\wallboard2\Digiwallboard\src\test\resources
2022-08-15 12:06:59,742 [Worker-56: Launching Main (1)] INFO  o.e.m.c.i.embedder.EclipseLogger - Using 'UTF-8' encoding to copy filtered resources.
2022-08-15 12:06:59,743 [Worker-56: Launching Main (1)] INFO  o.e.m.c.i.embedder.EclipseLogger - skip non existing resourceDirectory C:\Users\Niko\OneDrive\Desktop\wallboard2\Digiwallboard\src\main\resources
2022-08-15 12:06:59,743 [Worker-56: Launching Main (1)] INFO  o.e.m.c.i.embedder.EclipseLogger - Using 'UTF-8' encoding to copy filtered resources.
2022-08-15 12:06:59,743 [Worker-56: Launching Main (1)] INFO  o.e.m.c.i.embedder.EclipseLogger - skip non existing resourceDirectory C:\Users\Niko\OneDrive\Desktop\wallboard2\Digiwallboard\src\test\resources
2022-08-15 12:07:25,336 [Worker-55: Launching Main (1)] INFO  o.e.m.c.i.embedder.EclipseLogger - Using 'UTF-8' encoding to copy filtered resources.
2022-08-15 12:07:25,336 [Worker-55: Launching Main (1)] INFO  o.e.m.c.i.embedder.EclipseLogger - skip non existing resourceDirectory C:\Users\Niko\OneDrive\Desktop\wallboard2\Digiwallboard\src\main\resources
2022-08-15 12:07:25,337 [Worker-55: Launching Main (1)] INFO  o.e.m.c.i.embedder.EclipseLogger - Using 'UTF-8' encoding to copy filtered resources.
2022-08-15 12:07:25,337 [Worker-55: Launching Main (1)] INFO  o.e.m.c.i.embedder.EclipseLogger - skip non existing resourceDirectory C:\Users\Niko\OneDrive\Desktop\wallboard2\Digiwallboard\src\test\resources
2022-08-15 12:07:37,340 [Worker-56: Launching Main (1)] INFO  o.e.m.c.i.embedder.EclipseLogger - Using 'UTF-8' encoding to copy filtered resources.
2022-08-15 12:07:37,340 [Worker-56: Launching Main (1)] INFO  o.e.m.c.i.embedder.EclipseLogger - skip non existing resourceDirectory C:\Users\Niko\OneDrive\Desktop\wallboard2\Digiwallboard\src\main\resources
2022-08-15 12:07:37,341 [Worker-56: Launching Main (1)] INFO  o.e.m.c.i.embedder.EclipseLogger - Using 'UTF-8' encoding to copy filtered resources.
2022-08-15 12:07:37,341 [Worker-56: Launching Main (1)] INFO  o.e.m.c.i.embedder.EclipseLogger - skip non existing resourceDirectory C:\Users\Niko\OneDrive\Desktop\wallboard2\Digiwallboard\src\test\resources
2022-08-15 12:07:48,676 [Worker-58: Launching Main (1)] INFO  o.e.m.c.i.embedder.EclipseLogger - Using 'UTF-8' encoding to copy filtered resources.
2022-08-15 12:07:48,676 [Worker-58: Launching Main (1)] INFO  o.e.m.c.i.embedder.EclipseLogger - skip non existing resourceDirectory C:\Users\Niko\OneDrive\Desktop\wallboard2\Digiwallboard\src\main\resources
2022-08-15 12:07:48,677 [Worker-58: Launching Main (1)] INFO  o.e.m.c.i.embedder.EclipseLogger - Using 'UTF-8' encoding to copy filtered resources.
2022-08-15 12:07:48,677 [Worker-58: Launching Main (1)] INFO  o.e.m.c.i.embedder.EclipseLogger - skip non existing resourceDirectory C:\Users\Niko\OneDrive\Desktop\wallboard2\Digiwallboard\src\test\resources
2022-08-15 12:08:02,056 [Worker-55: Launching Main (1)] INFO  o.e.m.c.i.embedder.EclipseLogger - Using 'UTF-8' encoding to copy filtered resources.
2022-08-15 12:08:02,056 [Worker-55: Launching Main (1)] INFO  o.e.m.c.i.embedder.EclipseLogger - skip non existing resourceDirectory C:\Users\Niko\OneDrive\Desktop\wallboard2\Digiwallboard\src\main\resources
2022-08-15 12:08:02,057 [Worker-55: Launching Main (1)] INFO  o.e.m.c.i.embedder.EclipseLogger - Using 'UTF-8' encoding to copy filtered resources.
2022-08-15 12:08:02,057 [Worker-55: Launching Main (1)] INFO  o.e.m.c.i.embedder.EclipseLogger - skip non existing resourceDirectory C:\Users\Niko\OneDrive\Desktop\wallboard2\Digiwallboard\src\test\resources
2022-08-15 12:08:09,324 [Worker-60: Launching Main (1)] INFO  o.e.m.c.i.embedder.EclipseLogger - Using 'UTF-8' encoding to copy filtered resources.
2022-08-15 12:08:09,324 [Worker-60: Launching Main (1)] INFO  o.e.m.c.i.embedder.EclipseLogger - skip non existing resourceDirectory C:\Users\Niko\OneDrive\Desktop\wallboard2\Digiwallboard\src\main\resources
2022-08-15 12:08:09,325 [Worker-60: Launching Main (1)] INFO  o.e.m.c.i.embedder.EclipseLogger - Using 'UTF-8' encoding to copy filtered resources.
2022-08-15 12:08:09,325 [Worker-60: Launching Main (1)] INFO  o.e.m.c.i.embedder.EclipseLogger - skip non existing resourceDirectory C:\Users\Niko\OneDrive\Desktop\wallboard2\Digiwallboard\src\test\resources
2022-08-15 12:09:10,566 [Worker-56: Launching Main (1)] INFO  o.e.m.c.i.embedder.EclipseLogger - Using 'UTF-8' encoding to copy filtered resources.
2022-08-15 12:09:10,566 [Worker-56: Launching Main (1)] INFO  o.e.m.c.i.embedder.EclipseLogger - skip non existing resourceDirectory C:\Users\Niko\OneDrive\Desktop\wallboard2\Digiwallboard\src\main\resources
2022-08-15 12:09:10,567 [Worker-56: Launching Main (1)] INFO  o.e.m.c.i.embedder.EclipseLogger - Using 'UTF-8' encoding to copy filtered resources.
2022-08-15 12:09:10,567 [Worker-56: Launching Main (1)] INFO  o.e.m.c.i.embedder.EclipseLogger - skip non existing resourceDirectory C:\Users\Niko\OneDrive\Desktop\wallboard2\Digiwallboard\src\test\resources
2022-08-15 12:09:22,549 [Worker-60: Launching Main (1)] INFO  o.e.m.c.i.embedder.EclipseLogger - Using 'UTF-8' encoding to copy filtered resources.
2022-08-15 12:09:22,549 [Worker-60: Launching Main (1)] INFO  o.e.m.c.i.embedder.EclipseLogger - skip non existing resourceDirectory C:\Users\Niko\OneDrive\Desktop\wallboard2\Digiwallboard\src\main\resources
2022-08-15 12:09:22,549 [Worker-60: Launching Main (1)] INFO  o.e.m.c.i.embedder.EclipseLogger - Using 'UTF-8' encoding to copy filtered resources.
2022-08-15 12:09:22,549 [Worker-60: Launching Main (1)] INFO  o.e.m.c.i.embedder.EclipseLogger - skip non existing resourceDirectory C:\Users\Niko\OneDrive\Desktop\wallboard2\Digiwallboard\src\test\resources
2022-08-15 12:10:43,915 [Worker-57: Launching Main (1)] INFO  o.e.m.c.i.embedder.EclipseLogger - Using 'UTF-8' encoding to copy filtered resources.
2022-08-15 12:10:43,916 [Worker-57: Launching Main (1)] INFO  o.e.m.c.i.embedder.EclipseLogger - skip non existing resourceDirectory C:\Users\Niko\OneDrive\Desktop\wallboard2\Digiwallboard\src\main\resources
2022-08-15 12:10:43,916 [Worker-57: Launching Main (1)] INFO  o.e.m.c.i.embedder.EclipseLogger - Using 'UTF-8' encoding to copy filtered resources.
2022-08-15 12:10:43,916 [Worker-57: Launching Main (1)] INFO  o.e.m.c.i.embedder.EclipseLogger - skip non existing resourceDirectory C:\Users\Niko\OneDrive\Desktop\wallboard2\Digiwallboard\src\test\resources
2022-08-15 12:13:05,569 [Worker-65: Launching Main (1)] INFO  o.e.m.c.i.embedder.EclipseLogger - Using 'UTF-8' encoding to copy filtered resources.
2022-08-15 12:13:05,569 [Worker-65: Launching Main (1)] INFO  o.e.m.c.i.embedder.EclipseLogger - skip non existing resourceDirectory C:\Users\Niko\OneDrive\Desktop\wallboard2\Digiwallboard\src\main\resources
2022-08-15 12:13:05,570 [Worker-65: Launching Main (1)] INFO  o.e.m.c.i.embedder.EclipseLogger - Using 'UTF-8' encoding to copy filtered resources.
2022-08-15 12:13:05,570 [Worker-65: Launching Main (1)] INFO  o.e.m.c.i.embedder.EclipseLogger - skip non existing resourceDirectory C:\Users\Niko\OneDrive\Desktop\wallboard2\Digiwallboard\src\test\resources
2022-08-15 12:13:23,005 [Worker-64: Launching Main (1)] INFO  o.e.m.c.i.embedder.EclipseLogger - Using 'UTF-8' encoding to copy filtered resources.
2022-08-15 12:13:23,005 [Worker-64: Launching Main (1)] INFO  o.e.m.c.i.embedder.EclipseLogger - skip non existing resourceDirectory C:\Users\Niko\OneDrive\Desktop\wallboard2\Digiwallboard\src\main\resources
2022-08-15 12:13:23,006 [Worker-64: Launching Main (1)] INFO  o.e.m.c.i.embedder.EclipseLogger - Using 'UTF-8' encoding to copy filtered resources.
2022-08-15 12:13:23,006 [Worker-64: Launching Main (1)] INFO  o.e.m.c.i.embedder.EclipseLogger - skip non existing resourceDirectory C:\Users\Niko\OneDrive\Desktop\wallboard2\Digiwallboard\src\test\resources
2022-08-15 12:16:34,231 [Worker-65: Launching Main (1)] INFO  o.e.m.c.i.embedder.EclipseLogger - Using 'UTF-8' encoding to copy filtered resources.
2022-08-15 12:16:34,231 [Worker-65: Launching Main (1)] INFO  o.e.m.c.i.embedder.EclipseLogger - skip non existing resourceDirectory C:\Users\Niko\OneDrive\Desktop\wallboard2\Digiwallboard\src\main\resources
2022-08-15 12:16:34,231 [Worker-65: Launching Main (1)] INFO  o.e.m.c.i.embedder.EclipseLogger - Using 'UTF-8' encoding to copy filtered resources.
2022-08-15 12:16:34,231 [Worker-65: Launching Main (1)] INFO  o.e.m.c.i.embedder.EclipseLogger - skip non existing resourceDirectory C:\Users\Niko\OneDrive\Desktop\wallboard2\Digiwallboard\src\test\resources
2022-08-15 12:19:02,336 [Worker-65: Launching Main] INFO  o.e.m.c.i.embedder.EclipseLogger - Using 'UTF-8' encoding to copy filtered resources.
2022-08-15 12:19:02,336 [Worker-65: Launching Main] INFO  o.e.m.c.i.embedder.EclipseLogger - skip non existing resourceDirectory C:\Users\Niko\OneDrive\Desktop\wallboard2\Digiwallboard\src\main\resources
2022-08-15 12:19:02,337 [Worker-65: Launching Main] INFO  o.e.m.c.i.embedder.EclipseLogger - Using 'UTF-8' encoding to copy filtered resources.
2022-08-15 12:19:02,337 [Worker-65: Launching Main] INFO  o.e.m.c.i.embedder.EclipseLogger - skip non existing resourceDirectory C:\Users\Niko\OneDrive\Desktop\wallboard2\Digiwallboard\src\test\resources
2022-08-15 12:29:37,452 [Worker-78: Launching Main (1)] INFO  o.e.m.c.i.embedder.EclipseLogger - Using 'UTF-8' encoding to copy filtered resources.
2022-08-15 12:29:37,452 [Worker-78: Launching Main (1)] INFO  o.e.m.c.i.embedder.EclipseLogger - skip non existing resourceDirectory C:\Users\Niko\OneDrive\Desktop\wallboard2\Digiwallboard\src\main\resources
2022-08-15 12:29:37,453 [Worker-78: Launching Main (1)] INFO  o.e.m.c.i.embedder.EclipseLogger - Using 'UTF-8' encoding to copy filtered resources.
2022-08-15 12:29:37,453 [Worker-78: Launching Main (1)] INFO  o.e.m.c.i.embedder.EclipseLogger - skip non existing resourceDirectory C:\Users\Niko\OneDrive\Desktop\wallboard2\Digiwallboard\src\test\resources
2022-08-15 12:31:31,278 [Worker-67: Launching Main (1)] INFO  o.e.m.c.i.embedder.EclipseLogger - Using 'UTF-8' encoding to copy filtered resources.
2022-08-15 12:31:31,278 [Worker-67: Launching Main (1)] INFO  o.e.m.c.i.embedder.EclipseLogger - skip non existing resourceDirectory C:\Users\Niko\OneDrive\Desktop\wallboard2\Digiwallboard\src\main\resources
2022-08-15 12:31:31,279 [Worker-67: Launching Main (1)] INFO  o.e.m.c.i.embedder.EclipseLogger - Using 'UTF-8' encoding to copy filtered resources.
2022-08-15 12:31:31,279 [Worker-67: Launching Main (1)] INFO  o.e.m.c.i.embedder.EclipseLogger - skip non existing resourceDirectory C:\Users\Niko\OneDrive\Desktop\wallboard2\Digiwallboard\src\test\resources
2022-08-15 17:44:00,772 [Worker-91: Launching Main] INFO  o.e.m.c.i.embedder.EclipseLogger - Using 'UTF-8' encoding to copy filtered resources.
2022-08-15 17:44:00,822 [Worker-91: Launching Main] INFO  o.e.m.c.i.embedder.EclipseLogger - skip non existing resourceDirectory C:\Users\Niko\OneDrive\Desktop\wallboard2\Digiwallboard\src\main\resources
2022-08-15 17:44:00,852 [Worker-91: Launching Main] INFO  o.e.m.c.i.embedder.EclipseLogger - Using 'UTF-8' encoding to copy filtered resources.
2022-08-15 17:44:00,852 [Worker-91: Launching Main] INFO  o.e.m.c.i.embedder.EclipseLogger - skip non existing resourceDirectory C:\Users\Niko\OneDrive\Desktop\wallboard2\Digiwallboard\src\test\resources
2022-08-15 17:45:09,481 [Worker-97: Launching Main] INFO  o.e.m.c.i.embedder.EclipseLogger - Using 'UTF-8' encoding to copy filtered resources.
2022-08-15 17:45:09,481 [Worker-97: Launching Main] INFO  o.e.m.c.i.embedder.EclipseLogger - skip non existing resourceDirectory C:\Users\Niko\OneDrive\Desktop\wallboard2\Digiwallboard\src\main\resources
2022-08-15 17:45:09,482 [Worker-97: Launching Main] INFO  o.e.m.c.i.embedder.EclipseLogger - Using 'UTF-8' encoding to copy filtered resources.
2022-08-15 17:45:09,482 [Worker-97: Launching Main] INFO  o.e.m.c.i.embedder.EclipseLogger - skip non existing resourceDirectory C:\Users\Niko\OneDrive\Desktop\wallboard2\Digiwallboard\src\test\resources
2022-08-15 17:46:37,057 [Worker-86: Creating maven-archetype-webapp] INFO  o.e.m.c.i.p.ProjectConfigurationManager - Collecting project info '/pom.xml' C:\Users\Niko\OneDrive\Desktop\wallboard2\Wallboard\pom.xml
2022-08-15 17:46:39,845 [Worker-86: Creating maven-archetype-webapp] INFO  o.e.m.c.i.l.LifecycleMappingFactory - Using org.maven.ide.eclipse.wtp.WarLifecycleMapping lifecycle mapping for MavenProject: org.digiwallboard:Wallboard:0.0.1-SNAPSHOT @ C:\Users\Niko\OneDrive\Desktop\wallboard2\Wallboard\pom.xml.
2022-08-15 17:46:40,165 [Worker-86: Creating maven-archetype-webapp] INFO  o.e.m.j.i.AbstractJavaProjectConfigurator - Adding source folder /Wallboard/src/main/java
2022-08-15 17:46:40,165 [Worker-86: Creating maven-archetype-webapp] INFO  o.e.m.j.i.AbstractJavaProjectConfigurator - Adding source folder /Wallboard/src/test/java
2022-08-15 17:46:40,936 [Worker-86: Creating maven-archetype-webapp] INFO  o.e.m.c.i.embedder.EclipseLogger - Using 'UTF-8' encoding to copy filtered resources.
2022-08-15 17:46:40,936 [Worker-86: Creating maven-archetype-webapp] INFO  o.e.m.c.i.embedder.EclipseLogger - skip non existing resourceDirectory C:\Users\Niko\OneDrive\Desktop\wallboard2\Wallboard\src\main\resources
2022-08-15 17:46:40,936 [Worker-86: Creating maven-archetype-webapp] INFO  o.e.m.c.i.embedder.EclipseLogger - Using 'UTF-8' encoding to copy filtered resources.
2022-08-15 17:46:40,936 [Worker-86: Creating maven-archetype-webapp] INFO  o.e.m.c.i.embedder.EclipseLogger - skip non existing resourceDirectory C:\Users\Niko\OneDrive\Desktop\wallboard2\Wallboard\src\test\resources
2022-08-15 17:46:41,591 [Worker-86: Creating maven-archetype-webapp] INFO  o.e.m.c.i.p.ProjectConfigurationManager - Imported and configured 1 project(s) in 4 sec
2022-08-15 17:53:34,313 [Worker-93: Cleaning all projects] INFO  o.e.m.w.i.f.ResourceFilteringBuildParticipant - Cleaning filtered folder for Digiwallboard
2022-08-15 17:53:34,573 [Worker-93: Cleaning all projects] INFO  o.e.m.c.i.l.LifecycleMappingFactory - Using org.maven.ide.eclipse.wtp.WarLifecycleMapping lifecycle mapping for MavenProject: org.digiwallboard:Wallboard:0.0.1-SNAPSHOT @ C:\Users\Niko\OneDrive\Desktop\wallboard2\Wallboard\pom.xml.
2022-08-15 17:53:34,604 [Worker-93: Cleaning all projects] WARN  o.a.m.r.i.DefaultArtifactDescriptorReader - The artifact org.hibernate:hibernate-core:pom:6.1.1.Final has been relocated to org.hibernate.orm:hibernate-core:pom:6.1.1.Final
2022-08-15 17:53:34,964 [Worker-93: Cleaning all projects] INFO  o.e.m.c.i.embedder.EclipseLogger - Using 'UTF-8' encoding to copy filtered resources.
2022-08-15 17:53:34,964 [Worker-93: Cleaning all projects] INFO  o.e.m.c.i.embedder.EclipseLogger - skip non existing resourceDirectory C:\Users\Niko\OneDrive\Desktop\wallboard2\Wallboard\src\main\resources
2022-08-15 17:53:34,965 [Worker-93: Cleaning all projects] INFO  o.e.m.c.i.embedder.EclipseLogger - Using 'UTF-8' encoding to copy filtered resources.
2022-08-15 17:53:34,965 [Worker-93: Cleaning all projects] INFO  o.e.m.c.i.embedder.EclipseLogger - skip non existing resourceDirectory C:\Users\Niko\OneDrive\Desktop\wallboard2\Wallboard\src\test\resources
2022-08-15 17:53:34,965 [Worker-93: Cleaning all projects] INFO  o.e.m.w.i.f.ResourceFilteringBuildParticipant - Changed resources require a complete clean of filtered resources of Wallboard
2022-08-15 17:53:34,966 [Worker-93: Cleaning all projects] INFO  o.e.m.w.i.f.ResourceFilteringBuildParticipant - Executing resource filtering for Wallboard
2022-08-15 17:53:34,969 [Worker-93: Cleaning all projects] INFO  o.e.m.c.i.embedder.EclipseLogger - Using 'UTF-8' encoding to copy filtered resources.
2022-08-15 17:53:35,003 [Worker-93: Cleaning all projects] WARN  o.a.m.r.i.DefaultArtifactDescriptorReader - The artifact org.hibernate:hibernate-core:pom:6.1.1.Final has been relocated to org.hibernate.orm:hibernate-core:pom:6.1.1.Final
2022-08-15 17:53:35,121 [Worker-93: Cleaning all projects] INFO  o.e.m.w.i.f.ResourceFilteringBuildParticipant - Cleaning filtered folder for Wallboard
2022-08-15 17:53:35,168 [Worker-93: Cleaning all projects] WARN  o.a.m.r.i.DefaultArtifactDescriptorReader - The artifact org.hibernate:hibernate-core:pom:6.1.1.Final has been relocated to org.hibernate.orm:hibernate-core:pom:6.1.1.Final
2022-08-15 17:53:35,273 [Worker-97: Building Workspace] INFO  o.e.m.c.i.embedder.EclipseLogger - Using 'UTF-8' encoding to copy filtered resources.
2022-08-15 17:53:35,274 [Worker-97: Building Workspace] INFO  o.e.m.c.i.embedder.EclipseLogger - skip non existing resourceDirectory C:\Users\Niko\OneDrive\Desktop\wallboard2\Digiwallboard\src\main\resources
2022-08-15 17:53:35,274 [Worker-97: Building Workspace] INFO  o.e.m.c.i.embedder.EclipseLogger - Using 'UTF-8' encoding to copy filtered resources.
2022-08-15 17:53:35,274 [Worker-97: Building Workspace] INFO  o.e.m.c.i.embedder.EclipseLogger - skip non existing resourceDirectory C:\Users\Niko\OneDrive\Desktop\wallboard2\Digiwallboard\src\test\resources
2022-08-15 17:53:35,274 [Worker-97: Building Workspace] INFO  o.e.m.w.i.f.ResourceFilteringBuildParticipant - Changed resources require a complete clean of filtered resources of Digiwallboard
2022-08-15 17:53:35,274 [Worker-97: Building Workspace] INFO  o.e.m.w.i.f.ResourceFilteringBuildParticipant - Executing resource filtering for Digiwallboard
2022-08-15 17:53:35,277 [Worker-97: Building Workspace] INFO  o.e.m.c.i.embedder.EclipseLogger - Using 'UTF-8' encoding to copy filtered resources.
2022-08-15 17:53:35,396 [Worker-97: Building Workspace] INFO  o.e.m.c.i.embedder.EclipseLogger - Using 'UTF-8' encoding to copy filtered resources.
2022-08-15 17:53:35,396 [Worker-97: Building Workspace] INFO  o.e.m.c.i.embedder.EclipseLogger - skip non existing resourceDirectory C:\Users\Niko\OneDrive\Desktop\wallboard2\Wallboard\src\main\resources
2022-08-15 17:53:35,396 [Worker-97: Building Workspace] INFO  o.e.m.c.i.embedder.EclipseLogger - Using 'UTF-8' encoding to copy filtered resources.
2022-08-15 17:53:35,396 [Worker-97: Building Workspace] INFO  o.e.m.c.i.embedder.EclipseLogger - skip non existing resourceDirectory C:\Users\Niko\OneDrive\Desktop\wallboard2\Wallboard\src\test\resources
2022-08-15 17:53:35,397 [Worker-97: Building Workspace] INFO  o.e.m.w.i.f.ResourceFilteringBuildParticipant - Changed resources require a complete clean of filtered resources of Wallboard
2022-08-15 17:53:35,397 [Worker-97: Building Workspace] INFO  o.e.m.w.i.f.ResourceFilteringBuildParticipant - Executing resource filtering for Wallboard
2022-08-15 17:53:35,399 [Worker-97: Building Workspace] INFO  o.e.m.c.i.embedder.EclipseLogger - Using 'UTF-8' encoding to copy filtered resources.
2022-08-15 17:56:47,694 [Worker-101: Cleaning all projects] INFO  o.e.m.w.i.f.ResourceFilteringBuildParticipant - Cleaning filtered folder for Digiwallboard
2022-08-15 17:56:47,699 [Worker-101: Cleaning all projects] INFO  o.e.m.w.i.f.ResourceFilteringBuildParticipant - Cleaning filtered folder for Wallboard
2022-08-15 17:56:47,739 [Worker-95: Building Workspace] INFO  o.e.m.c.i.embedder.EclipseLogger - Using 'UTF-8' encoding to copy filtered resources.
2022-08-15 17:56:47,739 [Worker-95: Building Workspace] INFO  o.e.m.c.i.embedder.EclipseLogger - skip non existing resourceDirectory C:\Users\Niko\OneDrive\Desktop\wallboard2\Digiwallboard\src\main\resources
2022-08-15 17:56:47,740 [Worker-95: Building Workspace] INFO  o.e.m.c.i.embedder.EclipseLogger - Using 'UTF-8' encoding to copy filtered resources.
2022-08-15 17:56:47,740 [Worker-95: Building Workspace] INFO  o.e.m.c.i.embedder.EclipseLogger - skip non existing resourceDirectory C:\Users\Niko\OneDrive\Desktop\wallboard2\Digiwallboard\src\test\resources
2022-08-15 17:56:47,740 [Worker-95: Building Workspace] INFO  o.e.m.w.i.f.ResourceFilteringBuildParticipant - Changed resources require a complete clean of filtered resources of Digiwallboard
2022-08-15 17:56:47,740 [Worker-95: Building Workspace] INFO  o.e.m.w.i.f.ResourceFilteringBuildParticipant - Executing resource filtering for Digiwallboard
2022-08-15 17:56:47,742 [Worker-95: Building Workspace] INFO  o.e.m.c.i.embedder.EclipseLogger - Using 'UTF-8' encoding to copy filtered resources.
2022-08-15 17:56:47,777 [Worker-95: Building Workspace] INFO  o.e.m.c.i.embedder.EclipseLogger - Using 'UTF-8' encoding to copy filtered resources.
2022-08-15 17:56:47,777 [Worker-95: Building Workspace] INFO  o.e.m.c.i.embedder.EclipseLogger - skip non existing resourceDirectory C:\Users\Niko\OneDrive\Desktop\wallboard2\Wallboard\src\main\resources
2022-08-15 17:56:47,777 [Worker-95: Building Workspace] INFO  o.e.m.c.i.embedder.EclipseLogger - Using 'UTF-8' encoding to copy filtered resources.
2022-08-15 17:56:47,777 [Worker-95: Building Workspace] INFO  o.e.m.c.i.embedder.EclipseLogger - skip non existing resourceDirectory C:\Users\Niko\OneDrive\Desktop\wallboard2\Wallboard\src\test\resources
2022-08-15 17:56:47,777 [Worker-95: Building Workspace] INFO  o.e.m.w.i.f.ResourceFilteringBuildParticipant - Changed resources require a complete clean of filtered resources of Wallboard
2022-08-15 17:56:47,777 [Worker-95: Building Workspace] INFO  o.e.m.w.i.f.ResourceFilteringBuildParticipant - Executing resource filtering for Wallboard
2022-08-15 17:56:47,779 [Worker-95: Building Workspace] INFO  o.e.m.c.i.embedder.EclipseLogger - Using 'UTF-8' encoding to copy filtered resources.
2022-08-15 17:57:26,073 [Worker-101: Launching main] INFO  o.e.m.c.i.embedder.EclipseLogger - Using 'UTF-8' encoding to copy filtered resources.
2022-08-15 17:57:26,074 [Worker-101: Launching main] INFO  o.e.m.c.i.embedder.EclipseLogger - skip non existing resourceDirectory C:\Users\Niko\OneDrive\Desktop\wallboard2\Wallboard\src\main\resources
2022-08-15 17:57:26,074 [Worker-101: Launching main] INFO  o.e.m.c.i.embedder.EclipseLogger - Using 'UTF-8' encoding to copy filtered resources.
2022-08-15 17:57:26,074 [Worker-101: Launching main] INFO  o.e.m.c.i.embedder.EclipseLogger - skip non existing resourceDirectory C:\Users\Niko\OneDrive\Desktop\wallboard2\Wallboard\src\test\resources
2022-08-15 17:59:11,705 [Worker-97: Launching main] INFO  o.e.m.c.i.embedder.EclipseLogger - Using 'UTF-8' encoding to copy filtered resources.
2022-08-15 17:59:11,705 [Worker-97: Launching main] INFO  o.e.m.c.i.embedder.EclipseLogger - skip non existing resourceDirectory C:\Users\Niko\OneDrive\Desktop\wallboard2\Wallboard\src\main\resources
2022-08-15 17:59:11,706 [Worker-97: Launching main] INFO  o.e.m.c.i.embedder.EclipseLogger - Using 'UTF-8' encoding to copy filtered resources.
2022-08-15 17:59:11,706 [Worker-97: Launching main] INFO  o.e.m.c.i.embedder.EclipseLogger - skip non existing resourceDirectory C:\Users\Niko\OneDrive\Desktop\wallboard2\Wallboard\src\test\resources
2022-08-15 18:00:08,239 [Worker-100: Cleaning all projects] INFO  o.e.m.w.i.f.ResourceFilteringBuildParticipant - Cleaning filtered folder for Digiwallboard
2022-08-15 18:00:08,247 [Worker-100: Cleaning all projects] INFO  o.e.m.w.i.f.ResourceFilteringBuildParticipant - Cleaning filtered folder for Wallboard
2022-08-15 18:00:08,304 [Worker-94: Building Workspace] INFO  o.e.m.c.i.embedder.EclipseLogger - Using 'UTF-8' encoding to copy filtered resources.
2022-08-15 18:00:08,304 [Worker-94: Building Workspace] INFO  o.e.m.c.i.embedder.EclipseLogger - skip non existing resourceDirectory C:\Users\Niko\OneDrive\Desktop\wallboard2\Digiwallboard\src\main\resources
2022-08-15 18:00:08,305 [Worker-94: Building Workspace] INFO  o.e.m.c.i.embedder.EclipseLogger - Using 'UTF-8' encoding to copy filtered resources.
2022-08-15 18:00:08,305 [Worker-94: Building Workspace] INFO  o.e.m.c.i.embedder.EclipseLogger - skip non existing resourceDirectory C:\Users\Niko\OneDrive\Desktop\wallboard2\Digiwallboard\src\test\resources
2022-08-15 18:00:08,305 [Worker-94: Building Workspace] INFO  o.e.m.w.i.f.ResourceFilteringBuildParticipant - Changed resources require a complete clean of filtered resources of Digiwallboard
2022-08-15 18:00:08,305 [Worker-94: Building Workspace] INFO  o.e.m.w.i.f.ResourceFilteringBuildParticipant - Executing resource filtering for Digiwallboard
2022-08-15 18:00:08,307 [Worker-94: Building Workspace] INFO  o.e.m.c.i.embedder.EclipseLogger - Using 'UTF-8' encoding to copy filtered resources.
2022-08-15 18:00:08,363 [Worker-94: Building Workspace] INFO  o.e.m.c.i.embedder.EclipseLogger - Using 'UTF-8' encoding to copy filtered resources.
2022-08-15 18:00:08,363 [Worker-94: Building Workspace] INFO  o.e.m.c.i.embedder.EclipseLogger - skip non existing resourceDirectory C:\Users\Niko\OneDrive\Desktop\wallboard2\Wallboard\src\main\resources
2022-08-15 18:00:08,364 [Worker-94: Building Workspace] INFO  o.e.m.c.i.embedder.EclipseLogger - Using 'UTF-8' encoding to copy filtered resources.
2022-08-15 18:00:08,364 [Worker-94: Building Workspace] INFO  o.e.m.c.i.embedder.EclipseLogger - skip non existing resourceDirectory C:\Users\Niko\OneDrive\Desktop\wallboard2\Wallboard\src\test\resources
2022-08-15 18:00:08,364 [Worker-94: Building Workspace] INFO  o.e.m.w.i.f.ResourceFilteringBuildParticipant - Changed resources require a complete clean of filtered resources of Wallboard
2022-08-15 18:00:08,364 [Worker-94: Building Workspace] INFO  o.e.m.w.i.f.ResourceFilteringBuildParticipant - Executing resource filtering for Wallboard
2022-08-15 18:00:08,365 [Worker-94: Building Workspace] INFO  o.e.m.c.i.embedder.EclipseLogger - Using 'UTF-8' encoding to copy filtered resources.
2022-08-15 18:01:58,297 [Worker-94: Launching main] INFO  o.e.m.c.i.embedder.EclipseLogger - Using 'UTF-8' encoding to copy filtered resources.
2022-08-15 18:01:58,298 [Worker-94: Launching main] INFO  o.e.m.c.i.embedder.EclipseLogger - skip non existing resourceDirectory C:\Users\Niko\OneDrive\Desktop\wallboard2\Wallboard\src\main\resources
2022-08-15 18:01:58,298 [Worker-94: Launching main] INFO  o.e.m.c.i.embedder.EclipseLogger - Using 'UTF-8' encoding to copy filtered resources.
2022-08-15 18:01:58,298 [Worker-94: Launching main] INFO  o.e.m.c.i.embedder.EclipseLogger - skip non existing resourceDirectory C:\Users\Niko\OneDrive\Desktop\wallboard2\Wallboard\src\test\resources
2022-08-15 18:10:40,258 [Worker-108: Launching main] INFO  o.e.m.c.i.embedder.EclipseLogger - Using 'UTF-8' encoding to copy filtered resources.
2022-08-15 18:10:40,258 [Worker-108: Launching main] INFO  o.e.m.c.i.embedder.EclipseLogger - skip non existing resourceDirectory C:\Users\Niko\OneDrive\Desktop\wallboard2\Wallboard\src\main\resources
2022-08-15 18:10:40,258 [Worker-108: Launching main] INFO  o.e.m.c.i.embedder.EclipseLogger - Using 'UTF-8' encoding to copy filtered resources.
2022-08-15 18:10:40,258 [Worker-108: Launching main] INFO  o.e.m.c.i.embedder.EclipseLogger - skip non existing resourceDirectory C:\Users\Niko\OneDrive\Desktop\wallboard2\Wallboard\src\test\resources
2022-08-15 18:11:46,703 [Worker-107: Launching main] INFO  o.e.m.c.i.embedder.EclipseLogger - Using 'UTF-8' encoding to copy filtered resources.
2022-08-15 18:11:46,703 [Worker-107: Launching main] INFO  o.e.m.c.i.embedder.EclipseLogger - skip non existing resourceDirectory C:\Users\Niko\OneDrive\Desktop\wallboard2\Wallboard\src\main\resources
2022-08-15 18:11:46,703 [Worker-107: Launching main] INFO  o.e.m.c.i.embedder.EclipseLogger - Using 'UTF-8' encoding to copy filtered resources.
2022-08-15 18:11:46,703 [Worker-107: Launching main] INFO  o.e.m.c.i.embedder.EclipseLogger - skip non existing resourceDirectory C:\Users\Niko\OneDrive\Desktop\wallboard2\Wallboard\src\test\resources
2022-08-15 18:12:00,585 [Worker-111: Launching main] INFO  o.e.m.c.i.embedder.EclipseLogger - Using 'UTF-8' encoding to copy filtered resources.
2022-08-15 18:12:00,585 [Worker-111: Launching main] INFO  o.e.m.c.i.embedder.EclipseLogger - skip non existing resourceDirectory C:\Users\Niko\OneDrive\Desktop\wallboard2\Wallboard\src\main\resources
2022-08-15 18:12:00,585 [Worker-111: Launching main] INFO  o.e.m.c.i.embedder.EclipseLogger - Using 'UTF-8' encoding to copy filtered resources.
2022-08-15 18:12:00,585 [Worker-111: Launching main] INFO  o.e.m.c.i.embedder.EclipseLogger - skip non existing resourceDirectory C:\Users\Niko\OneDrive\Desktop\wallboard2\Wallboard\src\test\resources
2022-08-15 18:13:12,940 [Worker-111: Launching main] INFO  o.e.m.c.i.embedder.EclipseLogger - Using 'UTF-8' encoding to copy filtered resources.
2022-08-15 18:13:12,940 [Worker-111: Launching main] INFO  o.e.m.c.i.embedder.EclipseLogger - skip non existing resourceDirectory C:\Users\Niko\OneDrive\Desktop\wallboard2\Wallboard\src\main\resources
2022-08-15 18:13:12,941 [Worker-111: Launching main] INFO  o.e.m.c.i.embedder.EclipseLogger - Using 'UTF-8' encoding to copy filtered resources.
2022-08-15 18:13:12,941 [Worker-111: Launching main] INFO  o.e.m.c.i.embedder.EclipseLogger - skip non existing resourceDirectory C:\Users\Niko\OneDrive\Desktop\wallboard2\Wallboard\src\test\resources
2022-08-15 18:17:50,404 [Worker-108: Launching Main] INFO  o.e.m.c.i.embedder.EclipseLogger - Using 'UTF-8' encoding to copy filtered resources.
2022-08-15 18:17:50,404 [Worker-108: Launching Main] INFO  o.e.m.c.i.embedder.EclipseLogger - skip non existing resourceDirectory C:\Users\Niko\OneDrive\Desktop\wallboard2\Digiwallboard\src\main\resources
2022-08-15 18:17:50,404 [Worker-108: Launching Main] INFO  o.e.m.c.i.embedder.EclipseLogger - Using 'UTF-8' encoding to copy filtered resources.
2022-08-15 18:17:50,405 [Worker-108: Launching Main] INFO  o.e.m.c.i.embedder.EclipseLogger - skip non existing resourceDirectory C:\Users\Niko\OneDrive\Desktop\wallboard2\Digiwallboard\src\test\resources
2022-08-15 18:18:10,479 [Worker-93: Launching Main] INFO  o.e.m.c.i.embedder.EclipseLogger - Using 'UTF-8' encoding to copy filtered resources.
2022-08-15 18:18:10,479 [Worker-93: Launching Main] INFO  o.e.m.c.i.embedder.EclipseLogger - skip non existing resourceDirectory C:\Users\Niko\OneDrive\Desktop\wallboard2\Digiwallboard\src\main\resources
2022-08-15 18:18:10,480 [Worker-93: Launching Main] INFO  o.e.m.c.i.embedder.EclipseLogger - Using 'UTF-8' encoding to copy filtered resources.
2022-08-15 18:18:10,480 [Worker-93: Launching Main] INFO  o.e.m.c.i.embedder.EclipseLogger - skip non existing resourceDirectory C:\Users\Niko\OneDrive\Desktop\wallboard2\Digiwallboard\src\test\resources
2022-08-15 18:18:40,874 [Worker-108: Launching Main] INFO  o.e.m.c.i.embedder.EclipseLogger - Using 'UTF-8' encoding to copy filtered resources.
2022-08-15 18:18:40,874 [Worker-108: Launching Main] INFO  o.e.m.c.i.embedder.EclipseLogger - skip non existing resourceDirectory C:\Users\Niko\OneDrive\Desktop\wallboard2\Digiwallboard\src\main\resources
2022-08-15 18:18:40,875 [Worker-108: Launching Main] INFO  o.e.m.c.i.embedder.EclipseLogger - Using 'UTF-8' encoding to copy filtered resources.
2022-08-15 18:18:40,875 [Worker-108: Launching Main] INFO  o.e.m.c.i.embedder.EclipseLogger - skip non existing resourceDirectory C:\Users\Niko\OneDrive\Desktop\wallboard2\Digiwallboard\src\test\resources
2022-08-15 18:19:05,965 [Worker-110: Launching Main] INFO  o.e.m.c.i.embedder.EclipseLogger - Using 'UTF-8' encoding to copy filtered resources.
2022-08-15 18:19:05,965 [Worker-110: Launching Main] INFO  o.e.m.c.i.embedder.EclipseLogger - skip non existing resourceDirectory C:\Users\Niko\OneDrive\Desktop\wallboard2\Digiwallboard\src\main\resources
2022-08-15 18:19:05,965 [Worker-110: Launching Main] INFO  o.e.m.c.i.embedder.EclipseLogger - Using 'UTF-8' encoding to copy filtered resources.
2022-08-15 18:19:05,965 [Worker-110: Launching Main] INFO  o.e.m.c.i.embedder.EclipseLogger - skip non existing resourceDirectory C:\Users\Niko\OneDrive\Desktop\wallboard2\Digiwallboard\src\test\resources
2022-08-15 18:37:17,142 [Worker-117: Launching main] INFO  o.e.m.c.i.embedder.EclipseLogger - Using 'UTF-8' encoding to copy filtered resources.
2022-08-15 18:37:17,143 [Worker-117: Launching main] INFO  o.e.m.c.i.embedder.EclipseLogger - skip non existing resourceDirectory C:\Users\Niko\OneDrive\Desktop\wallboard2\Wallboard\src\main\resources
2022-08-15 18:37:17,143 [Worker-117: Launching main] INFO  o.e.m.c.i.embedder.EclipseLogger - Using 'UTF-8' encoding to copy filtered resources.
2022-08-15 18:37:17,143 [Worker-117: Launching main] INFO  o.e.m.c.i.embedder.EclipseLogger - skip non existing resourceDirectory C:\Users\Niko\OneDrive\Desktop\wallboard2\Wallboard\src\test\resources
2022-08-15 18:37:53,387 [Worker-113: Launching main] INFO  o.e.m.c.i.embedder.EclipseLogger - Using 'UTF-8' encoding to copy filtered resources.
2022-08-15 18:37:53,387 [Worker-113: Launching main] INFO  o.e.m.c.i.embedder.EclipseLogger - skip non existing resourceDirectory C:\Users\Niko\OneDrive\Desktop\wallboard2\Wallboard\src\main\resources
2022-08-15 18:37:53,388 [Worker-113: Launching main] INFO  o.e.m.c.i.embedder.EclipseLogger - Using 'UTF-8' encoding to copy filtered resources.
2022-08-15 18:37:53,388 [Worker-113: Launching main] INFO  o.e.m.c.i.embedder.EclipseLogger - skip non existing resourceDirectory C:\Users\Niko\OneDrive\Desktop\wallboard2\Wallboard\src\test\resources
2022-08-15 18:39:19,931 [Worker-121: Launching main] INFO  o.e.m.c.i.embedder.EclipseLogger - Using 'UTF-8' encoding to copy filtered resources.
2022-08-15 18:39:19,931 [Worker-121: Launching main] INFO  o.e.m.c.i.embedder.EclipseLogger - skip non existing resourceDirectory C:\Users\Niko\OneDrive\Desktop\wallboard2\Wallboard\src\main\resources
2022-08-15 18:39:19,932 [Worker-121: Launching main] INFO  o.e.m.c.i.embedder.EclipseLogger - Using 'UTF-8' encoding to copy filtered resources.
2022-08-15 18:39:19,932 [Worker-121: Launching main] INFO  o.e.m.c.i.embedder.EclipseLogger - skip non existing resourceDirectory C:\Users\Niko\OneDrive\Desktop\wallboard2\Wallboard\src\test\resources
2022-08-15 18:40:59,999 [Worker-113: Launching main] INFO  o.e.m.c.i.embedder.EclipseLogger - Using 'UTF-8' encoding to copy filtered resources.
2022-08-15 18:40:59,999 [Worker-113: Launching main] INFO  o.e.m.c.i.embedder.EclipseLogger - skip non existing resourceDirectory C:\Users\Niko\OneDrive\Desktop\wallboard2\Wallboard\src\main\resources
2022-08-15 18:40:59,999 [Worker-113: Launching main] INFO  o.e.m.c.i.embedder.EclipseLogger - Using 'UTF-8' encoding to copy filtered resources.
2022-08-15 18:40:59,999 [Worker-113: Launching main] INFO  o.e.m.c.i.embedder.EclipseLogger - skip non existing resourceDirectory C:\Users\Niko\OneDrive\Desktop\wallboard2\Wallboard\src\test\resources
2022-08-15 18:42:55,702 [Worker-126: Launching main] INFO  o.e.m.c.i.embedder.EclipseLogger - Using 'UTF-8' encoding to copy filtered resources.
2022-08-15 18:42:55,702 [Worker-126: Launching main] INFO  o.e.m.c.i.embedder.EclipseLogger - skip non existing resourceDirectory C:\Users\Niko\OneDrive\Desktop\wallboard2\Wallboard\src\main\resources
2022-08-15 18:42:55,703 [Worker-126: Launching main] INFO  o.e.m.c.i.embedder.EclipseLogger - Using 'UTF-8' encoding to copy filtered resources.
2022-08-15 18:42:55,703 [Worker-126: Launching main] INFO  o.e.m.c.i.embedder.EclipseLogger - skip non existing resourceDirectory C:\Users\Niko\OneDrive\Desktop\wallboard2\Wallboard\src\test\resources
2022-08-15 18:46:12,159 [Worker-124: Launching main] INFO  o.e.m.c.i.embedder.EclipseLogger - Using 'UTF-8' encoding to copy filtered resources.
2022-08-15 18:46:12,159 [Worker-124: Launching main] INFO  o.e.m.c.i.embedder.EclipseLogger - skip non existing resourceDirectory C:\Users\Niko\OneDrive\Desktop\wallboard2\Wallboard\src\main\resources
2022-08-15 18:46:12,160 [Worker-124: Launching main] INFO  o.e.m.c.i.embedder.EclipseLogger - Using 'UTF-8' encoding to copy filtered resources.
2022-08-15 18:46:12,160 [Worker-124: Launching main] INFO  o.e.m.c.i.embedder.EclipseLogger - skip non existing resourceDirectory C:\Users\Niko\OneDrive\Desktop\wallboard2\Wallboard\src\test\resources
2022-08-15 18:46:48,182 [Worker-132: Launching main] INFO  o.e.m.c.i.embedder.EclipseLogger - Using 'UTF-8' encoding to copy filtered resources.
2022-08-15 18:46:48,182 [Worker-132: Launching main] INFO  o.e.m.c.i.embedder.EclipseLogger - skip non existing resourceDirectory C:\Users\Niko\OneDrive\Desktop\wallboard2\Wallboard\src\main\resources
2022-08-15 18:46:48,183 [Worker-132: Launching main] INFO  o.e.m.c.i.embedder.EclipseLogger - Using 'UTF-8' encoding to copy filtered resources.
2022-08-15 18:46:48,183 [Worker-132: Launching main] INFO  o.e.m.c.i.embedder.EclipseLogger - skip non existing resourceDirectory C:\Users\Niko\OneDrive\Desktop\wallboard2\Wallboard\src\test\resources
2022-08-15 18:47:16,787 [Worker-126: Launching main] INFO  o.e.m.c.i.embedder.EclipseLogger - Using 'UTF-8' encoding to copy filtered resources.
2022-08-15 18:47:16,787 [Worker-126: Launching main] INFO  o.e.m.c.i.embedder.EclipseLogger - skip non existing resourceDirectory C:\Users\Niko\OneDrive\Desktop\wallboard2\Wallboard\src\main\resources
2022-08-15 18:47:16,788 [Worker-126: Launching main] INFO  o.e.m.c.i.embedder.EclipseLogger - Using 'UTF-8' encoding to copy filtered resources.
2022-08-15 18:47:16,788 [Worker-126: Launching main] INFO  o.e.m.c.i.embedder.EclipseLogger - skip non existing resourceDirectory C:\Users\Niko\OneDrive\Desktop\wallboard2\Wallboard\src\test\resources
2022-08-15 18:49:13,596 [Worker-129: Launching main] INFO  o.e.m.c.i.embedder.EclipseLogger - Using 'UTF-8' encoding to copy filtered resources.
2022-08-15 18:49:13,596 [Worker-129: Launching main] INFO  o.e.m.c.i.embedder.EclipseLogger - skip non existing resourceDirectory C:\Users\Niko\OneDrive\Desktop\wallboard2\Wallboard\src\main\resources
2022-08-15 18:49:13,597 [Worker-129: Launching main] INFO  o.e.m.c.i.embedder.EclipseLogger - Using 'UTF-8' encoding to copy filtered resources.
2022-08-15 18:49:13,597 [Worker-129: Launching main] INFO  o.e.m.c.i.embedder.EclipseLogger - skip non existing resourceDirectory C:\Users\Niko\OneDrive\Desktop\wallboard2\Wallboard\src\test\resources
2022-08-15 18:53:20,894 [Worker-136: Launching main] INFO  o.e.m.c.i.embedder.EclipseLogger - Using 'UTF-8' encoding to copy filtered resources.
2022-08-15 18:53:20,894 [Worker-136: Launching main] INFO  o.e.m.c.i.embedder.EclipseLogger - skip non existing resourceDirectory C:\Users\Niko\OneDrive\Desktop\wallboard2\Wallboard\src\main\resources
2022-08-15 18:53:20,895 [Worker-136: Launching main] INFO  o.e.m.c.i.embedder.EclipseLogger - Using 'UTF-8' encoding to copy filtered resources.
2022-08-15 18:53:20,895 [Worker-136: Launching main] INFO  o.e.m.c.i.embedder.EclipseLogger - skip non existing resourceDirectory C:\Users\Niko\OneDrive\Desktop\wallboard2\Wallboard\src\test\resources
2022-08-15 18:54:19,311 [Worker-140: Launching main] INFO  o.e.m.c.i.embedder.EclipseLogger - Using 'UTF-8' encoding to copy filtered resources.
2022-08-15 18:54:19,311 [Worker-140: Launching main] INFO  o.e.m.c.i.embedder.EclipseLogger - skip non existing resourceDirectory C:\Users\Niko\OneDrive\Desktop\wallboard2\Wallboard\src\main\resources
2022-08-15 18:54:19,312 [Worker-140: Launching main] INFO  o.e.m.c.i.embedder.EclipseLogger - Using 'UTF-8' encoding to copy filtered resources.
2022-08-15 18:54:19,312 [Worker-140: Launching main] INFO  o.e.m.c.i.embedder.EclipseLogger - skip non existing resourceDirectory C:\Users\Niko\OneDrive\Desktop\wallboard2\Wallboard\src\test\resources
